<?xml version="1.0" encoding="UTF-8"?>
<!-- Generated by org.testng.reporters.JUnitXMLReporter -->
<testsuite hostname="LAPTOP-E7HIOJTL" name="Test" tests="1" failures="1" timestamp="16 Nov 2016 23:50:59 GMT" time="34.502" errors="0">
  <testcase name="RunZap" time="34.471" classname="ZAP.ZapJavaClientExample">
    <failure type="java.lang.NoClassDefFoundError" message="testpoint/StreamTest">
      <![CDATA[java.lang.NoClassDefFoundError: testpoint/StreamTest
	at ZAP.ZapJavaClientExample.updatePassVansah(ZapJavaClientExample.java:212)
	at ZAP.ZapJavaClientExample.UpdateVansah(ZapJavaClientExample.java:174)
	at ZAP.ZapJavaClientExample.RunZap(ZapJavaClientExample.java:150)
Caused by: java.lang.ClassNotFoundException: testpoint.StreamTest
	at java.net.URLClassLoader.findClass(Unknown Source)
	at java.lang.ClassLoader.loadClass(Unknown Source)
	at sun.misc.Launcher$AppClassLoader.loadClass(Unknown Source)
	at java.lang.ClassLoader.loadClass(Unknown Source)
	... 26 more
... Removed 23 stack frames]]>
    </failure>
  </testcase> <!-- RunZap -->
</testsuite> <!-- Test -->
