<?xml version="1.0" encoding="UTF-8"?>
<testng-results skipped="0" failed="0" total="1" passed="1">
  <reporter-output>
  </reporter-output>
  <suite name="Default suite" duration-ms="39526" started-at="2017-01-10T23:23:05Z" finished-at="2017-01-10T23:23:45Z">
    <groups>
    </groups>
    <test name="Default test" duration-ms="39526" started-at="2017-01-10T23:23:05Z" finished-at="2017-01-10T23:23:45Z">
      <class name="ZAP.ZapJavaClientExample">
        <test-method status="PASS" signature="RunZap()[pri:0, instance:ZAP.ZapJavaClientExample@4590c9c3]" name="RunZap" duration-ms="39452" started-at="2017-01-11T10:23:05Z" finished-at="2017-01-11T10:23:45Z">
          <reporter-output>
          </reporter-output>
        </test-method> <!-- RunZap -->
      </class> <!-- ZAP.ZapJavaClientExample -->
    </test> <!-- Default test -->
  </suite> <!-- Default suite -->
</testng-results>
